#
# There is insufficient memory for the Java Runtime Environment to continue.
# Native memory allocation (malloc) failed to allocate 1048576 bytes for AllocateHeap
# Possible reasons:
#   The system is out of physical RAM or swap space
#   The process is running with CompressedOops enabled, and the Java Heap may be blocking the growth of the native heap
# Possible solutions:
#   Reduce memory load on the system
#   Increase physical memory or swap space
#   Check if swap backing store is full
#   Decrease Java heap size (-Xmx/-Xms)
#   Decrease number of Java threads
#   Decrease Java thread stack sizes (-Xss)
#   Set larger code cache with -XX:ReservedCodeCacheSize=
#   JVM is running with Unscaled Compressed Oops mode in which the Java heap is
#     placed in the first 4GB address space. The Java Heap base address is the
#     maximum limit for the native heap growth. Please use -XX:HeapBaseMinAddress
#     to set the Java Heap base and to place the Java Heap above 4GB virtual address.
# This output file may be truncated or incomplete.
#
#  Out of Memory Error (./src/hotspot/share/memory/allocation.cpp:46), pid=14856, tid=28764
#
# JRE version:  (11.0.14.1+1) (build )
# Java VM: OpenJDK 64-Bit Server VM (11.0.14.1+1, mixed mode, sharing, tiered, compressed oops, g1 gc, windows-amd64)
# No core dump will be written. Minidumps are not enabled by default on client versions of Windows
#

---------------  S U M M A R Y ------------

Command Line: 

Host: AMD Ryzen 7 3700X 8-Core Processor             , 16 cores, 31G,  Windows 10 , 64 bit Build 19041 (10.0.19041.2364)
Time: Wed Nov  8 23:29:14 2023 RTZ 6 (зима) elapsed time: 0.007828 seconds (0d 0h 0m 0s)

---------------  T H R E A D  ---------------

Current thread (0x000001a2b63c3000):  JavaThread "Unknown thread" [_thread_in_vm, id=28764, stack(0x000000304de00000,0x000000304df00000)]

Stack: [0x000000304de00000,0x000000304df00000]
Native frames: (J=compiled Java code, j=interpreted, Vv=VM code, C=native code)
V  [jvm.dll+0x61e59a]
V  [jvm.dll+0x7aaca9]
V  [jvm.dll+0x7ac398]
V  [jvm.dll+0x7aca73]
V  [jvm.dll+0x24f9b8]
V  [jvm.dll+0xb95d4]
V  [jvm.dll+0x2e0518]
V  [jvm.dll+0x784af7]
V  [jvm.dll+0x78628f]
V  [jvm.dll+0x35f479]
V  [jvm.dll+0x767aa0]
V  [jvm.dll+0x3ccf1f]
V  [jvm.dll+0x3cf2b1]
C  [jli.dll+0x5207]
C  [ucrtbase.dll+0x21bb2]
C  [KERNEL32.DLL+0x17614]
C  [ntdll.dll+0x526a1]


---------------  P R O C E S S  ---------------

Threads class SMR info:
_java_thread_list=0x000001a2b40f67f0, length=0, elements={
}

Java Threads: ( => current thread )

Other Threads:

=>0x000001a2b63c3000 (exited) JavaThread "Unknown thread" [_thread_in_vm, id=28764, stack(0x000000304de00000,0x000000304df00000)]

Threads with active compile tasks:

VM state:not at safepoint (not fully initialized)

VM Mutex/Monitor currently owned by a thread: None


[error occurred during error reporting (printing compressed oops mode), id 0xc0000005, EXCEPTION_ACCESS_VIOLATION (0xc0000005) at pc=0x00007ffd170558d7]

GC Heap History (0 events):
No events

Deoptimization events (0 events):
No events

Classes redefined (0 events):
No events

Internal exceptions (0 events):
No events

Events (1 events):
Event: 0.005 Loaded shared library F:\UnityEditors\2023.1.8f1\Editor\Data\PlaybackEngines\AndroidPlayer\OpenJDK\bin\zip.dll


Dynamic libraries:
0x00007ff7c36d0000 - 0x00007ff7c36dd000 	F:\UnityEditors\2023.1.8f1\Editor\Data\PlaybackEngines\AndroidPlayer\OpenJDK\bin\java.exe
0x00007ffdb5090000 - 0x00007ffdb5288000 	C:\WINDOWS\SYSTEM32\ntdll.dll
0x00007ffdb4e60000 - 0x00007ffdb4f1f000 	C:\WINDOWS\System32\KERNEL32.DLL
0x00007ffdb2810000 - 0x00007ffdb2ae2000 	C:\WINDOWS\System32\KERNELBASE.dll
0x00007ffdafad0000 - 0x00007ffdafb61000 	C:\WINDOWS\SYSTEM32\apphelp.dll
0x00007ffdb2af0000 - 0x00007ffdb2bf0000 	C:\WINDOWS\System32\ucrtbase.dll
0x00007ffd79d80000 - 0x00007ffd79d95000 	F:\UnityEditors\2023.1.8f1\Editor\Data\PlaybackEngines\AndroidPlayer\OpenJDK\bin\VCRUNTIME140.dll
0x00007ffd42b70000 - 0x00007ffd42b87000 	F:\UnityEditors\2023.1.8f1\Editor\Data\PlaybackEngines\AndroidPlayer\OpenJDK\bin\jli.dll
0x00007ffdb4140000 - 0x00007ffdb42e1000 	C:\WINDOWS\System32\USER32.dll
0x00007ffdb2f40000 - 0x00007ffdb2f62000 	C:\WINDOWS\System32\win32u.dll
0x00007ffdb4350000 - 0x00007ffdb437b000 	C:\WINDOWS\System32\GDI32.dll
0x00007ffd9ce00000 - 0x00007ffd9d09a000 	C:\WINDOWS\WinSxS\amd64_microsoft.windows.common-controls_6595b64144ccf1df_6.0.19041.1110_none_60b5254171f9507e\COMCTL32.dll
0x00007ffdb2c20000 - 0x00007ffdb2d2f000 	C:\WINDOWS\System32\gdi32full.dll
0x00007ffdb4a40000 - 0x00007ffdb4ade000 	C:\WINDOWS\System32\msvcrt.dll
0x00007ffdb2ea0000 - 0x00007ffdb2f3d000 	C:\WINDOWS\System32\msvcp_win.dll
0x00007ffdb3a10000 - 0x00007ffdb3a42000 	C:\WINDOWS\System32\IMM32.DLL
0x00007ffd226d0000 - 0x00007ffd2276b000 	F:\UnityEditors\2023.1.8f1\Editor\Data\PlaybackEngines\AndroidPlayer\OpenJDK\bin\msvcp140.dll
0x00007ffd168d0000 - 0x00007ffd17451000 	F:\UnityEditors\2023.1.8f1\Editor\Data\PlaybackEngines\AndroidPlayer\OpenJDK\bin\server\jvm.dll
0x00007ffdb3b00000 - 0x00007ffdb3bae000 	C:\WINDOWS\System32\ADVAPI32.dll
0x00007ffdb4b40000 - 0x00007ffdb4bdc000 	C:\WINDOWS\System32\sechost.dll
0x00007ffdb4f20000 - 0x00007ffdb5045000 	C:\WINDOWS\System32\RPCRT4.dll
0x00007ffdb30d0000 - 0x00007ffdb30d8000 	C:\WINDOWS\System32\PSAPI.DLL
0x00007ffd95540000 - 0x00007ffd95549000 	C:\WINDOWS\SYSTEM32\WSOCK32.dll
0x00007ffda4520000 - 0x00007ffda4547000 	C:\WINDOWS\SYSTEM32\WINMM.dll
0x00007ffdaac30000 - 0x00007ffdaac3a000 	C:\WINDOWS\SYSTEM32\VERSION.dll
0x00007ffdb39a0000 - 0x00007ffdb3a0b000 	C:\WINDOWS\System32\WS2_32.dll
0x00007ffdb1020000 - 0x00007ffdb1032000 	C:\WINDOWS\SYSTEM32\kernel.appcore.dll
0x00007ffd79d70000 - 0x00007ffd79d80000 	F:\UnityEditors\2023.1.8f1\Editor\Data\PlaybackEngines\AndroidPlayer\OpenJDK\bin\verify.dll
0x00007ffdb0630000 - 0x00007ffdb0814000 	C:\WINDOWS\SYSTEM32\DBGHELP.DLL
0x00007ffd95710000 - 0x00007ffd95745000 	C:\WINDOWS\SYSTEM32\dbgcore.DLL
0x00007ffdb2780000 - 0x00007ffdb2802000 	C:\WINDOWS\System32\bcryptPrimitives.dll
0x00007ffd2f430000 - 0x00007ffd2f458000 	F:\UnityEditors\2023.1.8f1\Editor\Data\PlaybackEngines\AndroidPlayer\OpenJDK\bin\java.dll
0x00007ffd4d590000 - 0x00007ffd4d59a000 	F:\UnityEditors\2023.1.8f1\Editor\Data\PlaybackEngines\AndroidPlayer\OpenJDK\bin\jimage.dll
0x00007ffd31420000 - 0x00007ffd31438000 	F:\UnityEditors\2023.1.8f1\Editor\Data\PlaybackEngines\AndroidPlayer\OpenJDK\bin\zip.dll

dbghelp: loaded successfully - version: 4.0.5 - missing functions: none
symbol engine: initialized successfully - sym options: 0x614 - pdb path: .;F:\UnityEditors\2023.1.8f1\Editor\Data\PlaybackEngines\AndroidPlayer\OpenJDK\bin;C:\WINDOWS\SYSTEM32;C:\WINDOWS\WinSxS\amd64_microsoft.windows.common-controls_6595b64144ccf1df_6.0.19041.1110_none_60b5254171f9507e;F:\UnityEditors\2023.1.8f1\Editor\Data\PlaybackEngines\AndroidPlayer\OpenJDK\bin\server

VM Arguments:
java_command: <unknown>
java_class_path (initial): <not set>
Launcher Type: SUN_STANDARD

[Global flags]
     intx CICompilerCount                          = 12                                        {product} {ergonomic}
     uint G1ConcRefinementThreads                  = 13                                        {product} {ergonomic}
   size_t G1HeapRegionSize                         = 2097152                                   {product} {ergonomic}
    uintx GCDrainStackTargetSize                   = 64                                        {product} {ergonomic}
   size_t InitialHeapSize                          = 536870912                                 {product} {ergonomic}
   size_t MaxHeapSize                              = 8573157376                                {product} {ergonomic}
   size_t MinHeapDeltaBytes                        = 2097152                                   {product} {ergonomic}
    uintx NonNMethodCodeHeapSize                   = 7594288                                {pd product} {ergonomic}
    uintx NonProfiledCodeHeapSize                  = 122031976                              {pd product} {ergonomic}
    uintx ProfiledCodeHeapSize                     = 122031976                              {pd product} {ergonomic}
    uintx ReservedCodeCacheSize                    = 251658240                              {pd product} {ergonomic}
     bool SegmentedCodeCache                       = true                                      {product} {ergonomic}
     bool UseCompressedClassPointers               = true                                 {lp64_product} {ergonomic}
     bool UseCompressedOops                        = true                                 {lp64_product} {ergonomic}
     bool UseG1GC                                  = true                                      {product} {ergonomic}
     bool UseLargePagesIndividualAllocation        = false                                  {pd product} {ergonomic}

Logging:
Log output configuration:
 #0: stdout all=warning uptime,level,tags
 #1: stderr all=off uptime,level,tags

Environment Variables:
JAVA_HOME=F:\UnityEditors\2021.3.16f1\Editor\Data\PlaybackEngines\AndroidPlayer\OpenJDK
PATH=C:\Program Files (x86)\Common Files\Oracle\Java\javapath;E:\Oculus\Support\oculus-runtime;D:\Plastic SCM\server;D:\Plastic SCM\client;C:\Windows\system32;C:\Windows;C:\Windows\System32\Wbem;C:\Windows\System32\WindowsPowerShell\v1.0\;C:\Windows\System32\OpenSSH\;C:\Program Files (x86)\Windows Kits\10\Windows Performance Toolkit\;C:\Program Files\dotnet\;C:\Program Files (x86)\NVIDIA Corporation\PhysX\Common;C:\Program Files\NVIDIA Corporation\NVIDIA NvDLISR;C:\WINDOWS\system32;C:\WINDOWS;C:\WINDOWS\System32\Wbem;C:\WINDOWS\System32\WindowsPowerShell\v1.0\;C:\WINDOWS\System32\OpenSSH\;C:\Users\PROGRAMMIST3\AppData\Local\GitHubDesktop\app-3.2.3\resources\app\git\cmd;C:\Users\PROGRAMMIST3\AppData\Local\Microsoft\WindowsApps;C:\Users\PROGRAMMIST3\.dotnet\tools;C:\Users\PROGRAMMIST3\AppData\Local\GitHubDesktop\bin
USERNAME=nprogrammist1
OS=Windows_NT
PROCESSOR_IDENTIFIER=AMD64 Family 23 Model 113 Stepping 0, AuthenticAMD



---------------  S Y S T E M  ---------------

OS: Windows 10 , 64 bit Build 19041 (10.0.19041.2364)
OS uptime: 10 days 15:50 hours

CPU:total 16 (initial active 16) (16 cores per cpu, 2 threads per core) family 23 model 113 stepping 0 microcode 0x0, cmov, cx8, fxsr, mmx, sse, sse2, sse3, ssse3, sse4.1, sse4.2, popcnt, avx, avx2, aes, clmul, mmxext, 3dnowpref, lzcnt, sse4a, ht, tsc, tscinvbit, tscinv, bmi1, bmi2, adx, sha, fma

Memory: 4k page, system-wide physical 32698M (10798M free)
TotalPageFile size 70984M (AvailPageFile size 5M)
current process WorkingSet (physical memory assigned to process): 9M, peak: 9M
current process commit charge ("private bytes"): 21M, peak: 22M

vm_info: OpenJDK 64-Bit Server VM (11.0.14.1+1) for windows-amd64 JRE (11.0.14.1+1), built on Feb  9 2022 01:48:27 by "" with unknown MS VC++:1916

END.
