#
# There is insufficient memory for the Java Runtime Environment to continue.
# Native memory allocation (mmap) failed to map 536870912 bytes for Failed to commit area from 0x0000000601000000 to 0x0000000621000000 of length 536870912.
# Possible reasons:
#   The system is out of physical RAM or swap space
#   The process is running with CompressedOops enabled, and the Java Heap may be blocking the growth of the native heap
# Possible solutions:
#   Reduce memory load on the system
#   Increase physical memory or swap space
#   Check if swap backing store is full
#   Decrease Java heap size (-Xmx/-Xms)
#   Decrease number of Java threads
#   Decrease Java thread stack sizes (-Xss)
#   Set larger code cache with -XX:ReservedCodeCacheSize=
# This output file may be truncated or incomplete.
#
#  Out of Memory Error (./src/hotspot/os/windows/os_windows.cpp:3387), pid=82812, tid=13716
#
# JRE version:  (11.0.14.1+1) (build )
# Java VM: OpenJDK 64-Bit Server VM (11.0.14.1+1, mixed mode, sharing, tiered, compressed oops, g1 gc, windows-amd64)
# No core dump will be written. Minidumps are not enabled by default on client versions of Windows
#

---------------  S U M M A R Y ------------

Command Line: -Dcom.android.sdkmanager.toolsdir=F:\UnityEditors\2023.1.8f1\Editor\Data\PlaybackEngines\AndroidPlayer\SDK\cmdline-tools\6.0\bin\\.. com.android.sdklib.tool.AvdManagerCli list target -c

Host: AMD Ryzen 7 3700X 8-Core Processor             , 16 cores, 31G,  Windows 10 , 64 bit Build 19041 (10.0.19041.3636)
Time: Mon Jan 15 12:47:36 2024 RTZ 6 (зима) elapsed time: 0.007442 seconds (0d 0h 0m 0s)

---------------  T H R E A D  ---------------

Current thread (0x0000022ba9155000):  JavaThread "Unknown thread" [_thread_in_vm, id=13716, stack(0x000000ab0ad00000,0x000000ab0ae00000)]

Stack: [0x000000ab0ad00000,0x000000ab0ae00000]
Native frames: (J=compiled Java code, j=interpreted, Vv=VM code, C=native code)
V  [jvm.dll+0x61e59a]
V  [jvm.dll+0x7aaca9]
V  [jvm.dll+0x7ac398]
V  [jvm.dll+0x7aca73]
V  [jvm.dll+0x24f9b8]
V  [jvm.dll+0x61b83a]
V  [jvm.dll+0x6100c5]
V  [jvm.dll+0x30772c]
V  [jvm.dll+0x3075b2]
V  [jvm.dll+0x30c2d6]
V  [jvm.dll+0x35272f]
V  [jvm.dll+0x352160]
V  [jvm.dll+0x2e4728]
V  [jvm.dll+0x2e5886]
V  [jvm.dll+0x784b07]
V  [jvm.dll+0x78628f]
V  [jvm.dll+0x35f479]
V  [jvm.dll+0x767aa0]
V  [jvm.dll+0x3ccf1f]
V  [jvm.dll+0x3cf2b1]
C  [jli.dll+0x5207]
C  [ucrtbase.dll+0x21bb2]
C  [KERNEL32.DLL+0x17344]
C  [ntdll.dll+0x526b1]


---------------  P R O C E S S  ---------------

Threads class SMR info:
_java_thread_list=0x0000022ba6e68b30, length=0, elements={
}

Java Threads: ( => current thread )

Other Threads:
  0x0000022ba916e000 GCTaskThread "GC Thread#0" [stack: 0x000000ab0ae00000,0x000000ab0af00000] [id=43556]
  0x0000022ba91f4800 ConcurrentGCThread "G1 Main Marker" [stack: 0x000000ab0af00000,0x000000ab0b000000] [id=118792]
  0x0000022ba91f6000 ConcurrentGCThread "G1 Conc#0" [stack: 0x000000ab0b000000,0x000000ab0b100000] [id=23496]

[error occurred during error reporting (printing all threads), id 0xc0000005, EXCEPTION_ACCESS_VIOLATION (0xc0000005) at pc=0x00007ffea4ad3ef7]

VM state:not at safepoint (not fully initialized)

VM Mutex/Monitor currently owned by a thread:  ([mutex/lock_event])
[0x0000022ba9151150] Heap_lock - owner thread: 0x0000022ba9155000

Heap address: 0x0000000601000000, size: 8176 MB, Compressed Oops mode: Non-zero based: 0x0000000601000000
Narrow klass base: 0x0000000000000000, Narrow klass shift: 0

GC Heap History (0 events):
No events

Deoptimization events (0 events):
No events

Classes redefined (0 events):
No events

Internal exceptions (0 events):
No events

Events (1 events):
Event: 0.004 Loaded shared library F:\UnityEditors\2023.1.8f1\Editor\Data\PlaybackEngines\AndroidPlayer\OpenJDK\bin\zip.dll


Dynamic libraries:
0x00007ff7776a0000 - 0x00007ff7776ad000 	F:\UnityEditors\2023.1.8f1\Editor\Data\PlaybackEngines\AndroidPlayer\OpenJDK\bin\java.exe
0x00007fffada10000 - 0x00007fffadc08000 	C:\WINDOWS\SYSTEM32\ntdll.dll
0x00007fffad910000 - 0x00007fffad9cd000 	C:\WINDOWS\System32\KERNEL32.DLL
0x00007fffab580000 - 0x00007fffab876000 	C:\WINDOWS\System32\KERNELBASE.dll
0x00007fffa8480000 - 0x00007fffa8510000 	C:\WINDOWS\SYSTEM32\apphelp.dll
0x00007fffab2c0000 - 0x00007fffab3c0000 	C:\WINDOWS\System32\ucrtbase.dll
0x00007fff7a220000 - 0x00007fff7a235000 	F:\UnityEditors\2023.1.8f1\Editor\Data\PlaybackEngines\AndroidPlayer\OpenJDK\bin\VCRUNTIME140.dll
0x00007fff46dc0000 - 0x00007fff46dd7000 	F:\UnityEditors\2023.1.8f1\Editor\Data\PlaybackEngines\AndroidPlayer\OpenJDK\bin\jli.dll
0x00007fffad650000 - 0x00007fffad7ee000 	C:\WINDOWS\System32\USER32.dll
0x00007fffab1b0000 - 0x00007fffab1d2000 	C:\WINDOWS\System32\win32u.dll
0x00007fff92c40000 - 0x00007fff92eda000 	C:\WINDOWS\WinSxS\amd64_microsoft.windows.common-controls_6595b64144ccf1df_6.0.19041.3636_none_60b6a03d71f818d5\COMCTL32.dll
0x00007fffad580000 - 0x00007fffad5ac000 	C:\WINDOWS\System32\GDI32.dll
0x00007fffad4e0000 - 0x00007fffad57e000 	C:\WINDOWS\System32\msvcrt.dll
0x00007fffab460000 - 0x00007fffab57a000 	C:\WINDOWS\System32\gdi32full.dll
0x00007fffab3c0000 - 0x00007fffab45d000 	C:\WINDOWS\System32\msvcp_win.dll
0x00007fffad4a0000 - 0x00007fffad4d0000 	C:\WINDOWS\System32\IMM32.DLL
0x00007fff26910000 - 0x00007fff269ab000 	F:\UnityEditors\2023.1.8f1\Editor\Data\PlaybackEngines\AndroidPlayer\OpenJDK\bin\msvcp140.dll
0x00007ffea47e0000 - 0x00007ffea5361000 	F:\UnityEditors\2023.1.8f1\Editor\Data\PlaybackEngines\AndroidPlayer\OpenJDK\bin\server\jvm.dll
0x00007fffabc50000 - 0x00007fffabcff000 	C:\WINDOWS\System32\ADVAPI32.dll
0x00007fffad5b0000 - 0x00007fffad64c000 	C:\WINDOWS\System32\sechost.dll
0x00007fffad010000 - 0x00007fffad136000 	C:\WINDOWS\System32\RPCRT4.dll
0x00007fffac850000 - 0x00007fffac858000 	C:\WINDOWS\System32\PSAPI.DLL
0x00007fff8a3c0000 - 0x00007fff8a3c9000 	C:\WINDOWS\SYSTEM32\WSOCK32.dll
0x00007fff9d330000 - 0x00007fff9d357000 	C:\WINDOWS\SYSTEM32\WINMM.dll
0x00007fffa4910000 - 0x00007fffa491a000 	C:\WINDOWS\SYSTEM32\VERSION.dll
0x00007fffad8a0000 - 0x00007fffad90b000 	C:\WINDOWS\System32\WS2_32.dll
0x00007fffa97d0000 - 0x00007fffa97e2000 	C:\WINDOWS\SYSTEM32\kernel.appcore.dll
0x00007fff7af40000 - 0x00007fff7af50000 	F:\UnityEditors\2023.1.8f1\Editor\Data\PlaybackEngines\AndroidPlayer\OpenJDK\bin\verify.dll
0x00007fffa9580000 - 0x00007fffa9764000 	C:\WINDOWS\SYSTEM32\DBGHELP.DLL
0x00007fff81430000 - 0x00007fff81464000 	C:\WINDOWS\SYSTEM32\dbgcore.DLL
0x00007fffab880000 - 0x00007fffab902000 	C:\WINDOWS\System32\bcryptPrimitives.dll
0x00007fff46d90000 - 0x00007fff46db8000 	F:\UnityEditors\2023.1.8f1\Editor\Data\PlaybackEngines\AndroidPlayer\OpenJDK\bin\java.dll
0x00007fff7a210000 - 0x00007fff7a21a000 	F:\UnityEditors\2023.1.8f1\Editor\Data\PlaybackEngines\AndroidPlayer\OpenJDK\bin\jimage.dll
0x00007fff45de0000 - 0x00007fff45df8000 	F:\UnityEditors\2023.1.8f1\Editor\Data\PlaybackEngines\AndroidPlayer\OpenJDK\bin\zip.dll

dbghelp: loaded successfully - version: 4.0.5 - missing functions: none
symbol engine: initialized successfully - sym options: 0x614 - pdb path: .;F:\UnityEditors\2023.1.8f1\Editor\Data\PlaybackEngines\AndroidPlayer\OpenJDK\bin;C:\WINDOWS\SYSTEM32;C:\WINDOWS\WinSxS\amd64_microsoft.windows.common-controls_6595b64144ccf1df_6.0.19041.3636_none_60b6a03d71f818d5;F:\UnityEditors\2023.1.8f1\Editor\Data\PlaybackEngines\AndroidPlayer\OpenJDK\bin\server

VM Arguments:
jvm_args: -Dcom.android.sdkmanager.toolsdir=F:\UnityEditors\2023.1.8f1\Editor\Data\PlaybackEngines\AndroidPlayer\SDK\cmdline-tools\6.0\bin\\.. 
java_command: com.android.sdklib.tool.AvdManagerCli list target -c
java_class_path (initial): F:\UnityEditors\2023.1.8f1\Editor\Data\PlaybackEngines\AndroidPlayer\SDK\cmdline-tools\6.0\bin\..\lib\avdmanager-classpath.jar
Launcher Type: SUN_STANDARD

[Global flags]
     intx CICompilerCount                          = 12                                        {product} {ergonomic}
     uint ConcGCThreads                            = 3                                         {product} {ergonomic}
     uint G1ConcRefinementThreads                  = 13                                        {product} {ergonomic}
   size_t G1HeapRegionSize                         = 2097152                                   {product} {ergonomic}
    uintx GCDrainStackTargetSize                   = 64                                        {product} {ergonomic}
   size_t InitialHeapSize                          = 536870912                                 {product} {ergonomic}
   size_t MarkStackSize                            = 4194304                                   {product} {ergonomic}
   size_t MaxHeapSize                              = 8573157376                                {product} {ergonomic}
   size_t MinHeapDeltaBytes                        = 2097152                                   {product} {ergonomic}
    uintx NonNMethodCodeHeapSize                   = 7594288                                {pd product} {ergonomic}
    uintx NonProfiledCodeHeapSize                  = 122031976                              {pd product} {ergonomic}
    uintx ProfiledCodeHeapSize                     = 122031976                              {pd product} {ergonomic}
    uintx ReservedCodeCacheSize                    = 251658240                              {pd product} {ergonomic}
     bool SegmentedCodeCache                       = true                                      {product} {ergonomic}
     bool UseCompressedClassPointers               = true                                 {lp64_product} {ergonomic}
     bool UseCompressedOops                        = true                                 {lp64_product} {ergonomic}
     bool UseG1GC                                  = true                                      {product} {ergonomic}
     bool UseLargePagesIndividualAllocation        = false                                  {pd product} {ergonomic}

Logging:
Log output configuration:
 #0: stdout all=warning uptime,level,tags
 #1: stderr all=off uptime,level,tags

Environment Variables:
JAVA_HOME=F:\UnityEditors\2023.1.8f1\Editor\Data\PlaybackEngines\AndroidPlayer\OpenJDK
CLASSPATH=F:\UnityEditors\2023.1.8f1\Editor\Data\PlaybackEngines\AndroidPlayer\SDK\cmdline-tools\6.0\bin\..\lib\avdmanager-classpath.jar
PATH=C:\Program Files (x86)\Common Files\Oracle\Java\javapath;E:\Oculus\Support\oculus-runtime;D:\Plastic SCM\server;D:\Plastic SCM\client;C:\Windows\system32;C:\Windows;C:\Windows\System32\Wbem;C:\Windows\System32\WindowsPowerShell\v1.0\;C:\Windows\System32\OpenSSH\;C:\Program Files (x86)\Windows Kits\10\Windows Performance Toolkit\;C:\Program Files\dotnet\;C:\Program Files (x86)\NVIDIA Corporation\PhysX\Common;C:\Program Files\NVIDIA Corporation\NVIDIA NvDLISR;C:\WINDOWS\system32;C:\WINDOWS;C:\WINDOWS\System32\Wbem;C:\WINDOWS\System32\WindowsPowerShell\v1.0\;C:\WINDOWS\System32\OpenSSH\;C:\Users\PROGRAMMIST3\AppData\Local\GitHubDesktop\app-3.2.3\resources\app\git\cmd;C:\Users\PROGRAMMIST3\AppData\Local\Microsoft\WindowsApps;C:\Users\PROGRAMMIST3\.dotnet\tools;C:\Users\PROGRAMMIST3\AppData\Local\GitHubDesktop\bin;C:\Users\PROGRAMMIST3\AppData\Local\Programs\Microsoft VS Code\bin
USERNAME=nprogrammist1
OS=Windows_NT
PROCESSOR_IDENTIFIER=AMD64 Family 23 Model 113 Stepping 0, AuthenticAMD



---------------  S Y S T E M  ---------------

OS: Windows 10 , 64 bit Build 19041 (10.0.19041.3636)
OS uptime: 20 days 4:47 hours

CPU:total 16 (initial active 16) (16 cores per cpu, 2 threads per core) family 23 model 113 stepping 0 microcode 0x0, cmov, cx8, fxsr, mmx, sse, sse2, sse3, ssse3, sse4.1, sse4.2, popcnt, avx, avx2, aes, clmul, mmxext, 3dnowpref, lzcnt, sse4a, ht, tsc, tscinvbit, tscinv, bmi1, bmi2, adx, sha, fma

Memory: 4k page, system-wide physical 32698M (5786M free)
TotalPageFile size 70859M (AvailPageFile size 134M)
current process WorkingSet (physical memory assigned to process): 10M, peak: 10M
current process commit charge ("private bytes"): 71M, peak: 583M

vm_info: OpenJDK 64-Bit Server VM (11.0.14.1+1) for windows-amd64 JRE (11.0.14.1+1), built on Feb  9 2022 01:48:27 by "" with unknown MS VC++:1916

END.
